<?xml version="1.0" encoding="UTF-8"?>
<!-- Generated by org.testng.reporters.JUnitReportReporter -->
<testsuite hostname="Somtoochukwu" failures="0" tests="1" name="com.ster.testCases.Airtime" time="49.348" errors="0" timestamp="2022-03-22T11:58:47 WAT" skipped="0">
  <testcase classname="com.ster.testCases.Airtime" name="EntryFields" time="49.348"/>
  <system-out/>
</testsuite> <!-- com.ster.testCases.Airtime -->
