<?xml version="1.0" encoding="UTF-8"?>
<!-- Generated by org.testng.reporters.JUnitReportReporter -->
<testsuite hostname="Somtoochukwu" failures="0" tests="2" name="com.ster.testCases.LocalBankTransfers" time="42.257" errors="0" timestamp="2022-03-22T12:57:13 WAT" skipped="0">
  <testcase classname="com.ster.testCases.LocalBankTransfers" name="getAccountInfo" time="5.471"/>
  <system-out/>
  <testcase classname="com.ster.testCases.LocalBankTransfers" name="intrabankSterling" time="36.786"/>
  <system-out>
    <![CDATA[Login Test Completed Successfully]]>
  </system-out>
</testsuite> <!-- com.ster.testCases.LocalBankTransfers -->
