<?xml version="1.0" encoding="UTF-8"?>
<!-- Generated by org.testng.reporters.JUnitReportReporter -->
<testsuite hostname="DESKTOP-D068G7Q" failures="0" tests="7" name="com.kuda.testCases.CustomerAccountManagement" time="46.534" errors="0" timestamp="2021-12-14T15:16:00 WAT" skipped="0">
  <testcase classname="com.kuda.testCases.CustomerAccountManagement" name="viewCASAccount" time="18.769"/>
  <system-out>
Login Test Completed Successfully  </system-out>
  <testcase classname="com.kuda.testCases.CustomerAccountManagement" name="searchByAccountName" time="0.004"/>
  <system-out/>
  <testcase classname="com.kuda.testCases.CustomerAccountManagement" name="searchByAccountNumber" time="0.006"/>
  <system-out/>
  <testcase classname="com.kuda.testCases.CustomerAccountManagement" name="searchByAccountEmail" time="0.004"/>
  <system-out/>
  <testcase classname="com.kuda.testCases.CustomerAccountManagement" name="viewAccountBalance" time="0.004"/>
  <system-out/>
  <testcase classname="com.kuda.testCases.CustomerAccountManagement" name="editCustomerAccount" time="0.006"/>
  <system-out/>
  <testcase classname="com.kuda.testCases.CustomerAccountManagement" name="createCustomerAccount" time="27.741"/>
  <system-out>
Create casa button is clicked  </system-out>
</testsuite> <!-- com.kuda.testCases.CustomerAccountManagement -->
