<?xml version="1.0" encoding="UTF-8"?>
<!-- Generated by org.testng.reporters.JUnitReportReporter -->
<testsuite hostname="Somtoochukwu" failures="0" tests="3" name="com.ster.testCases.NonSterlingBanks" time="55.296" errors="0" timestamp="2022-03-22T12:58:22 WAT" skipped="0">
  <testcase classname="com.ster.testCases.NonSterlingBanks" name="interbank" time="17.172"/>
  <system-out/>
  <testcase classname="com.ster.testCases.NonSterlingBanks" name="Entryfields" time="31.296"/>
  <system-out/>
  <testcase classname="com.ster.testCases.NonSterlingBanks" name="getAccountInfo" time="6.828"/>
  <system-out/>
</testsuite> <!-- com.ster.testCases.NonSterlingBanks -->
