<?xml version="1.0" encoding="UTF-8"?>
<!-- Generated by org.testng.reporters.JUnitReportReporter -->
<testsuite hostname="Somtoochukwu" failures="0" tests="1" name="com.ster.testCases.RestrictedAccts" time="8.892" errors="0" timestamp="2022-03-17T22:02:11 WAT" skipped="0">
  <testcase classname="com.ster.testCases.RestrictedAccts" name="getAccountInfo" time="8.892"/>
  <system-out/>
</testsuite> <!-- com.ster.testCases.RestrictedAccts -->
