<?xml version="1.0" encoding="UTF-8"?>
<!-- Generated by org.testng.reporters.JUnitReportReporter -->
<testsuite hostname="Somtoochukwu" failures="0" tests="2" name="com.ster.testCases.BanKTransfer" time="69.300" errors="0" timestamp="2022-03-22T09:34:20 WAT" skipped="0">
  <testcase classname="com.ster.testCases.BanKTransfer" name="intrabankAccounts" time="22.910"/>
  <system-out/>
  <testcase classname="com.ster.testCases.BanKTransfer" name="EntryFields" time="46.390"/>
  <system-out/>
</testsuite> <!-- com.ster.testCases.BanKTransfer -->
