<?xml version="1.0" encoding="UTF-8"?>
<!-- Generated by org.testng.reporters.JUnitReportReporter -->
<testsuite hostname="Somtoochukwu" failures="0" tests="1" name="com.ster.testCases.StatementGeneration" time="83.152" errors="0" timestamp="2022-03-22T13:00:41 WAT" skipped="0">
  <testcase classname="com.ster.testCases.StatementGeneration" name="viewAccountSummary" time="83.152"/>
  <system-out/>
</testsuite> <!-- com.ster.testCases.StatementGeneration -->
