<?xml version="1.0" encoding="UTF-8"?>
<!-- Generated by org.testng.reporters.JUnitReportReporter -->
<testsuite hostname="Somtoochukwu" failures="0" tests="1" name="com.ster.testCases.TransactionHistory" time="28.431" errors="0" timestamp="2022-03-22T13:08:50 WAT" skipped="0">
  <testcase classname="com.ster.testCases.TransactionHistory" name="Transactions" time="28.431"/>
  <system-out/>
</testsuite> <!-- com.ster.testCases.TransactionHistory -->
